mode: atomic
github.com/gosmartwizard/gopherguides-intro-to-go/week11/mocknewssource.go:9.45,16.2 5 5
github.com/gosmartwizard/gopherguides-intro-to-go/week11/mocknewssource.go:18.70,36.2 9 5
github.com/gosmartwizard/gopherguides-intro-to-go/week11/mocknewssource.go:38.40,40.6 1 4
github.com/gosmartwizard/gopherguides-intro-to-go/week11/mocknewssource.go:40.6,41.10 1 7
github.com/gosmartwizard/gopherguides-intro-to-go/week11/mocknewssource.go:42.23,45.10 3 3
github.com/gosmartwizard/gopherguides-intro-to-go/week11/mocknewssource.go:46.33,46.33 0 3
github.com/gosmartwizard/gopherguides-intro-to-go/week11/mocknewssource.go:51.46,60.41 5 7
github.com/gosmartwizard/gopherguides-intro-to-go/week11/mocknewssource.go:78.2,80.17 2 7
github.com/gosmartwizard/gopherguides-intro-to-go/week11/mocknewssource.go:60.41,61.27 1 0
github.com/gosmartwizard/gopherguides-intro-to-go/week11/mocknewssource.go:75.3,75.39 1 0
github.com/gosmartwizard/gopherguides-intro-to-go/week11/mocknewssource.go:61.27,65.4 3 0
github.com/gosmartwizard/gopherguides-intro-to-go/week11/mocknewssource.go:65.9,65.32 1 0
github.com/gosmartwizard/gopherguides-intro-to-go/week11/mocknewssource.go:65.32,69.4 3 0
github.com/gosmartwizard/gopherguides-intro-to-go/week11/mocknewssource.go:69.9,69.34 1 0
github.com/gosmartwizard/gopherguides-intro-to-go/week11/mocknewssource.go:69.34,73.4 3 0
github.com/gosmartwizard/gopherguides-intro-to-go/week11/mocknewssource.go:83.35,86.14 2 5
github.com/gosmartwizard/gopherguides-intro-to-go/week11/mocknewssource.go:90.2,92.23 2 4
github.com/gosmartwizard/gopherguides-intro-to-go/week11/mocknewssource.go:86.14,89.3 2 1
github.com/gosmartwizard/gopherguides-intro-to-go/week11/mocknewssource.go:92.23,100.20 5 4
github.com/gosmartwizard/gopherguides-intro-to-go/week11/mocknewssource.go:100.20,102.4 1 4
github.com/gosmartwizard/gopherguides-intro-to-go/week11/newsservice.go:48.35,74.2 16 2
github.com/gosmartwizard/gopherguides-intro-to-go/week11/newsservice.go:76.51,87.2 5 2
github.com/gosmartwizard/gopherguides-intro-to-go/week11/newsservice.go:89.63,91.6 1 0
github.com/gosmartwizard/gopherguides-intro-to-go/week11/newsservice.go:91.6,92.10 1 0
github.com/gosmartwizard/gopherguides-intro-to-go/week11/newsservice.go:93.24,94.13 1 0
github.com/gosmartwizard/gopherguides-intro-to-go/week11/newsservice.go:95.31,96.11 1 0
github.com/gosmartwizard/gopherguides-intro-to-go/week11/newsservice.go:100.4,100.37 1 0
github.com/gosmartwizard/gopherguides-intro-to-go/week11/newsservice.go:96.11,97.13 1 0
github.com/gosmartwizard/gopherguides-intro-to-go/week11/newsservice.go:100.37,104.5 2 0
github.com/gosmartwizard/gopherguides-intro-to-go/week11/newsservice.go:109.49,118.23 5 0
github.com/gosmartwizard/gopherguides-intro-to-go/week11/newsservice.go:118.23,120.3 1 0
github.com/gosmartwizard/gopherguides-intro-to-go/week11/newsservice.go:123.61,136.9 7 152
github.com/gosmartwizard/gopherguides-intro-to-go/week11/newsservice.go:145.2,146.53 2 152
github.com/gosmartwizard/gopherguides-intro-to-go/week11/newsservice.go:136.9,141.3 4 6
github.com/gosmartwizard/gopherguides-intro-to-go/week11/newsservice.go:141.8,143.3 1 146
github.com/gosmartwizard/gopherguides-intro-to-go/week11/newsservice.go:149.68,151.26 1 0
github.com/gosmartwizard/gopherguides-intro-to-go/week11/newsservice.go:151.26,164.3 7 0
github.com/gosmartwizard/gopherguides-intro-to-go/week11/newsservice.go:164.8,164.38 1 0
github.com/gosmartwizard/gopherguides-intro-to-go/week11/newsservice.go:164.38,176.3 7 0
github.com/gosmartwizard/gopherguides-intro-to-go/week11/newsservice.go:179.48,186.38 4 0
github.com/gosmartwizard/gopherguides-intro-to-go/week11/newsservice.go:192.2,192.26 1 0
github.com/gosmartwizard/gopherguides-intro-to-go/week11/newsservice.go:186.38,188.3 1 0
github.com/gosmartwizard/gopherguides-intro-to-go/week11/newsservice.go:188.8,188.50 1 0
github.com/gosmartwizard/gopherguides-intro-to-go/week11/newsservice.go:188.50,190.3 1 0
github.com/gosmartwizard/gopherguides-intro-to-go/week11/newsservice.go:195.67,205.31 5 1
github.com/gosmartwizard/gopherguides-intro-to-go/week11/newsservice.go:209.2,214.26 4 1
github.com/gosmartwizard/gopherguides-intro-to-go/week11/newsservice.go:205.31,207.3 1 2
github.com/gosmartwizard/gopherguides-intro-to-go/week11/newsservice.go:217.49,224.8 4 1
github.com/gosmartwizard/gopherguides-intro-to-go/week11/newsservice.go:224.8,226.16 2 1
github.com/gosmartwizard/gopherguides-intro-to-go/week11/newsservice.go:229.3,232.31 3 1
github.com/gosmartwizard/gopherguides-intro-to-go/week11/newsservice.go:226.16,228.4 1 1
github.com/gosmartwizard/gopherguides-intro-to-go/week11/newsservice.go:236.57,243.16 4 1
github.com/gosmartwizard/gopherguides-intro-to-go/week11/newsservice.go:247.2,249.12 2 1
github.com/gosmartwizard/gopherguides-intro-to-go/week11/newsservice.go:243.16,245.3 1 0
github.com/gosmartwizard/gopherguides-intro-to-go/week11/newsservice.go:252.59,256.16 2 2
github.com/gosmartwizard/gopherguides-intro-to-go/week11/newsservice.go:260.2,264.16 3 2
github.com/gosmartwizard/gopherguides-intro-to-go/week11/newsservice.go:268.2,268.35 1 2
github.com/gosmartwizard/gopherguides-intro-to-go/week11/newsservice.go:272.2,272.12 1 2
github.com/gosmartwizard/gopherguides-intro-to-go/week11/newsservice.go:256.16,258.3 1 0
github.com/gosmartwizard/gopherguides-intro-to-go/week11/newsservice.go:264.16,266.3 1 0
github.com/gosmartwizard/gopherguides-intro-to-go/week11/newsservice.go:268.35,270.3 1 152
github.com/gosmartwizard/gopherguides-intro-to-go/week11/newsservice.go:275.50,279.16 2 2
github.com/gosmartwizard/gopherguides-intro-to-go/week11/newsservice.go:283.2,287.16 3 0
github.com/gosmartwizard/gopherguides-intro-to-go/week11/newsservice.go:291.2,293.12 2 0
github.com/gosmartwizard/gopherguides-intro-to-go/week11/newsservice.go:279.16,281.3 1 2
github.com/gosmartwizard/gopherguides-intro-to-go/week11/newsservice.go:287.16,289.3 1 0
github.com/gosmartwizard/gopherguides-intro-to-go/week11/newsservice.go:296.31,299.15 2 1
github.com/gosmartwizard/gopherguides-intro-to-go/week11/newsservice.go:303.2,305.24 2 1
github.com/gosmartwizard/gopherguides-intro-to-go/week11/newsservice.go:299.15,302.3 2 0
github.com/gosmartwizard/gopherguides-intro-to-go/week11/newsservice.go:305.24,316.37 6 1
github.com/gosmartwizard/gopherguides-intro-to-go/week11/newsservice.go:324.3,324.46 1 1
github.com/gosmartwizard/gopherguides-intro-to-go/week11/newsservice.go:331.3,331.39 1 1
github.com/gosmartwizard/gopherguides-intro-to-go/week11/newsservice.go:316.37,317.40 1 0
github.com/gosmartwizard/gopherguides-intro-to-go/week11/newsservice.go:317.40,319.5 1 0
github.com/gosmartwizard/gopherguides-intro-to-go/week11/newsservice.go:319.10,319.52 1 0
github.com/gosmartwizard/gopherguides-intro-to-go/week11/newsservice.go:319.52,321.5 1 0
github.com/gosmartwizard/gopherguides-intro-to-go/week11/newsservice.go:324.46,325.17 1 0
github.com/gosmartwizard/gopherguides-intro-to-go/week11/newsservice.go:328.4,328.38 1 0
github.com/gosmartwizard/gopherguides-intro-to-go/week11/newsservice.go:325.17,327.5 1 0
github.com/gosmartwizard/gopherguides-intro-to-go/week11/newsservice.go:331.39,334.4 2 0
github.com/gosmartwizard/gopherguides-intro-to-go/week11/source.go:53.37,59.16 3 0
github.com/gosmartwizard/gopherguides-intro-to-go/week11/source.go:63.2,65.16 2 0
github.com/gosmartwizard/gopherguides-intro-to-go/week11/source.go:69.2,69.21 1 0
github.com/gosmartwizard/gopherguides-intro-to-go/week11/source.go:59.16,61.3 1 0
github.com/gosmartwizard/gopherguides-intro-to-go/week11/source.go:65.16,67.3 1 0
github.com/gosmartwizard/gopherguides-intro-to-go/week11/subscriber.go:15.45,20.2 3 4
github.com/gosmartwizard/gopherguides-intro-to-go/week11/subscriber.go:22.56,35.2 6 4
github.com/gosmartwizard/gopherguides-intro-to-go/week11/subscriber.go:37.46,39.2 1 4
github.com/gosmartwizard/gopherguides-intro-to-go/week11/subscriber.go:41.51,43.6 1 4
github.com/gosmartwizard/gopherguides-intro-to-go/week11/subscriber.go:43.6,44.10 1 10
github.com/gosmartwizard/gopherguides-intro-to-go/week11/subscriber.go:45.23,47.10 2 4
github.com/gosmartwizard/gopherguides-intro-to-go/week11/subscriber.go:48.28,49.11 1 6
github.com/gosmartwizard/gopherguides-intro-to-go/week11/subscriber.go:54.4,55.38 2 3
github.com/gosmartwizard/gopherguides-intro-to-go/week11/subscriber.go:64.4,64.18 1 3
github.com/gosmartwizard/gopherguides-intro-to-go/week11/subscriber.go:49.11,51.13 2 3
github.com/gosmartwizard/gopherguides-intro-to-go/week11/subscriber.go:55.38,56.37 1 0
github.com/gosmartwizard/gopherguides-intro-to-go/week11/subscriber.go:56.37,58.11 2 0
github.com/gosmartwizard/gopherguides-intro-to-go/week11/subscriber.go:59.11,60.14 1 0
github.com/gosmartwizard/gopherguides-intro-to-go/week11/subscriber.go:64.18,66.5 1 0
github.com/gosmartwizard/gopherguides-intro-to-go/week11/subscriber.go:66.10,68.5 1 3
github.com/gosmartwizard/gopherguides-intro-to-go/week11/filebasednewssource.go:12.55,20.2 6 4
github.com/gosmartwizard/gopherguides-intro-to-go/week11/filebasednewssource.go:22.75,40.2 9 4
github.com/gosmartwizard/gopherguides-intro-to-go/week11/filebasednewssource.go:42.45,44.6 1 3
github.com/gosmartwizard/gopherguides-intro-to-go/week11/filebasednewssource.go:44.6,45.10 1 5
github.com/gosmartwizard/gopherguides-intro-to-go/week11/filebasednewssource.go:46.23,49.10 3 2
github.com/gosmartwizard/gopherguides-intro-to-go/week11/filebasednewssource.go:50.34,50.34 0 2
github.com/gosmartwizard/gopherguides-intro-to-go/week11/filebasednewssource.go:55.51,63.16 4 5
github.com/gosmartwizard/gopherguides-intro-to-go/week11/filebasednewssource.go:67.2,69.16 2 0
github.com/gosmartwizard/gopherguides-intro-to-go/week11/filebasednewssource.go:73.2,75.17 2 0
github.com/gosmartwizard/gopherguides-intro-to-go/week11/filebasednewssource.go:63.16,65.3 1 5
github.com/gosmartwizard/gopherguides-intro-to-go/week11/filebasednewssource.go:69.16,71.3 1 0
github.com/gosmartwizard/gopherguides-intro-to-go/week11/filebasednewssource.go:78.40,81.14 2 4
github.com/gosmartwizard/gopherguides-intro-to-go/week11/filebasednewssource.go:85.2,87.23 2 3
github.com/gosmartwizard/gopherguides-intro-to-go/week11/filebasednewssource.go:81.14,84.3 2 1
github.com/gosmartwizard/gopherguides-intro-to-go/week11/filebasednewssource.go:87.23,95.20 5 3
github.com/gosmartwizard/gopherguides-intro-to-go/week11/filebasednewssource.go:95.20,97.4 1 3
