mode: atomic
github.com/gosmartwizard/gopherguides-intro-to-go/week10/filebasednewssource.go:11.55,18.2 5 0
github.com/gosmartwizard/gopherguides-intro-to-go/week10/filebasednewssource.go:20.107,34.2 7 0
github.com/gosmartwizard/gopherguides-intro-to-go/week10/filebasednewssource.go:36.64,38.31 1 0
github.com/gosmartwizard/gopherguides-intro-to-go/week10/filebasednewssource.go:44.2,47.6 3 0
github.com/gosmartwizard/gopherguides-intro-to-go/week10/filebasednewssource.go:38.31,42.3 2 0
github.com/gosmartwizard/gopherguides-intro-to-go/week10/filebasednewssource.go:47.6,51.17 2 0
github.com/gosmartwizard/gopherguides-intro-to-go/week10/filebasednewssource.go:55.3,59.17 3 0
github.com/gosmartwizard/gopherguides-intro-to-go/week10/filebasednewssource.go:63.3,63.36 1 0
github.com/gosmartwizard/gopherguides-intro-to-go/week10/filebasednewssource.go:67.3,69.39 2 0
github.com/gosmartwizard/gopherguides-intro-to-go/week10/filebasednewssource.go:51.17,52.14 1 0
github.com/gosmartwizard/gopherguides-intro-to-go/week10/filebasednewssource.go:59.17,60.14 1 0
github.com/gosmartwizard/gopherguides-intro-to-go/week10/filebasednewssource.go:63.36,65.4 1 0
github.com/gosmartwizard/gopherguides-intro-to-go/week10/filebasednewssource.go:73.52,75.2 1 0
github.com/gosmartwizard/gopherguides-intro-to-go/week10/filebasednewssource.go:77.40,80.14 2 0
github.com/gosmartwizard/gopherguides-intro-to-go/week10/filebasednewssource.go:84.2,86.23 2 0
github.com/gosmartwizard/gopherguides-intro-to-go/week10/filebasednewssource.go:80.14,83.3 2 0
github.com/gosmartwizard/gopherguides-intro-to-go/week10/filebasednewssource.go:86.23,94.20 5 0
github.com/gosmartwizard/gopherguides-intro-to-go/week10/filebasednewssource.go:94.20,96.4 1 0
github.com/gosmartwizard/gopherguides-intro-to-go/week10/mocknewssource.go:10.45,17.2 5 4
github.com/gosmartwizard/gopherguides-intro-to-go/week10/mocknewssource.go:19.102,33.2 7 4
github.com/gosmartwizard/gopherguides-intro-to-go/week10/mocknewssource.go:35.59,37.6 1 3
github.com/gosmartwizard/gopherguides-intro-to-go/week10/mocknewssource.go:37.6,38.10 1 6
github.com/gosmartwizard/gopherguides-intro-to-go/week10/mocknewssource.go:39.21,42.10 3 3
github.com/gosmartwizard/gopherguides-intro-to-go/week10/mocknewssource.go:43.33,44.36 1 3
github.com/gosmartwizard/gopherguides-intro-to-go/week10/mocknewssource.go:49.44,63.19 8 6
github.com/gosmartwizard/gopherguides-intro-to-go/week10/mocknewssource.go:76.2,78.16 2 6
github.com/gosmartwizard/gopherguides-intro-to-go/week10/mocknewssource.go:63.19,67.3 3 2
github.com/gosmartwizard/gopherguides-intro-to-go/week10/mocknewssource.go:67.8,67.24 1 4
github.com/gosmartwizard/gopherguides-intro-to-go/week10/mocknewssource.go:67.24,71.3 3 2
github.com/gosmartwizard/gopherguides-intro-to-go/week10/mocknewssource.go:71.8,71.26 1 2
github.com/gosmartwizard/gopherguides-intro-to-go/week10/mocknewssource.go:71.26,75.3 3 2
github.com/gosmartwizard/gopherguides-intro-to-go/week10/mocknewssource.go:81.35,84.14 2 5
github.com/gosmartwizard/gopherguides-intro-to-go/week10/mocknewssource.go:88.2,90.23 2 4
github.com/gosmartwizard/gopherguides-intro-to-go/week10/mocknewssource.go:84.14,87.3 2 1
github.com/gosmartwizard/gopherguides-intro-to-go/week10/mocknewssource.go:90.23,98.20 5 4
github.com/gosmartwizard/gopherguides-intro-to-go/week10/mocknewssource.go:98.20,100.4 1 4
github.com/gosmartwizard/gopherguides-intro-to-go/week10/newsservice.go:42.35,68.2 16 0
github.com/gosmartwizard/gopherguides-intro-to-go/week10/newsservice.go:70.45,74.16 2 0
github.com/gosmartwizard/gopherguides-intro-to-go/week10/newsservice.go:78.2,78.41 1 0
github.com/gosmartwizard/gopherguides-intro-to-go/week10/newsservice.go:74.16,75.13 1 0
github.com/gosmartwizard/gopherguides-intro-to-go/week10/newsservice.go:78.41,83.17 3 0
github.com/gosmartwizard/gopherguides-intro-to-go/week10/newsservice.go:87.3,89.43 2 0
github.com/gosmartwizard/gopherguides-intro-to-go/week10/newsservice.go:93.3,96.32 3 0
github.com/gosmartwizard/gopherguides-intro-to-go/week10/newsservice.go:83.17,84.14 1 0
github.com/gosmartwizard/gopherguides-intro-to-go/week10/newsservice.go:89.43,91.4 1 0
github.com/gosmartwizard/gopherguides-intro-to-go/week10/newsservice.go:100.67,109.16 5 0
github.com/gosmartwizard/gopherguides-intro-to-go/week10/newsservice.go:113.2,115.31 2 0
github.com/gosmartwizard/gopherguides-intro-to-go/week10/newsservice.go:119.2,122.31 3 0
github.com/gosmartwizard/gopherguides-intro-to-go/week10/newsservice.go:109.16,110.13 1 0
github.com/gosmartwizard/gopherguides-intro-to-go/week10/newsservice.go:115.31,117.3 1 0
github.com/gosmartwizard/gopherguides-intro-to-go/week10/newsservice.go:125.41,129.16 2 0
github.com/gosmartwizard/gopherguides-intro-to-go/week10/newsservice.go:133.2,134.33 2 0
github.com/gosmartwizard/gopherguides-intro-to-go/week10/newsservice.go:167.2,167.15 1 0
github.com/gosmartwizard/gopherguides-intro-to-go/week10/newsservice.go:129.16,130.13 1 0
github.com/gosmartwizard/gopherguides-intro-to-go/week10/newsservice.go:134.33,136.34 1 0
github.com/gosmartwizard/gopherguides-intro-to-go/week10/newsservice.go:136.34,141.18 3 0
github.com/gosmartwizard/gopherguides-intro-to-go/week10/newsservice.go:145.4,149.37 3 0
github.com/gosmartwizard/gopherguides-intro-to-go/week10/newsservice.go:141.18,142.15 1 0
github.com/gosmartwizard/gopherguides-intro-to-go/week10/newsservice.go:151.9,151.46 1 0
github.com/gosmartwizard/gopherguides-intro-to-go/week10/newsservice.go:151.46,156.18 3 0
github.com/gosmartwizard/gopherguides-intro-to-go/week10/newsservice.go:160.4,164.37 3 0
github.com/gosmartwizard/gopherguides-intro-to-go/week10/newsservice.go:156.18,157.15 1 0
github.com/gosmartwizard/gopherguides-intro-to-go/week10/newsservice.go:170.51,183.2 6 0
github.com/gosmartwizard/gopherguides-intro-to-go/week10/newsservice.go:185.50,187.6 1 0
github.com/gosmartwizard/gopherguides-intro-to-go/week10/newsservice.go:187.6,188.10 1 0
github.com/gosmartwizard/gopherguides-intro-to-go/week10/newsservice.go:189.24,190.13 1 0
github.com/gosmartwizard/gopherguides-intro-to-go/week10/newsservice.go:191.30,192.11 1 0
github.com/gosmartwizard/gopherguides-intro-to-go/week10/newsservice.go:196.4,198.35 2 0
github.com/gosmartwizard/gopherguides-intro-to-go/week10/newsservice.go:192.11,193.13 1 0
github.com/gosmartwizard/gopherguides-intro-to-go/week10/newsservice.go:203.49,212.23 5 0
github.com/gosmartwizard/gopherguides-intro-to-go/week10/newsservice.go:212.23,214.3 1 0
github.com/gosmartwizard/gopherguides-intro-to-go/week10/newsservice.go:217.61,230.9 7 0
github.com/gosmartwizard/gopherguides-intro-to-go/week10/newsservice.go:239.2,240.53 2 0
github.com/gosmartwizard/gopherguides-intro-to-go/week10/newsservice.go:230.9,235.3 4 0
github.com/gosmartwizard/gopherguides-intro-to-go/week10/newsservice.go:235.8,237.3 1 0
github.com/gosmartwizard/gopherguides-intro-to-go/week10/newsservice.go:243.49,250.8 4 0
github.com/gosmartwizard/gopherguides-intro-to-go/week10/newsservice.go:250.8,252.16 2 0
github.com/gosmartwizard/gopherguides-intro-to-go/week10/newsservice.go:255.3,258.31 3 0
github.com/gosmartwizard/gopherguides-intro-to-go/week10/newsservice.go:252.16,254.4 1 0
github.com/gosmartwizard/gopherguides-intro-to-go/week10/newsservice.go:262.31,265.15 2 0
github.com/gosmartwizard/gopherguides-intro-to-go/week10/newsservice.go:269.2,271.24 2 0
github.com/gosmartwizard/gopherguides-intro-to-go/week10/newsservice.go:265.15,268.3 2 0
github.com/gosmartwizard/gopherguides-intro-to-go/week10/newsservice.go:271.24,282.37 6 0
github.com/gosmartwizard/gopherguides-intro-to-go/week10/newsservice.go:290.3,290.46 1 0
github.com/gosmartwizard/gopherguides-intro-to-go/week10/newsservice.go:297.3,297.39 1 0
github.com/gosmartwizard/gopherguides-intro-to-go/week10/newsservice.go:282.37,283.40 1 0
github.com/gosmartwizard/gopherguides-intro-to-go/week10/newsservice.go:283.40,285.5 1 0
github.com/gosmartwizard/gopherguides-intro-to-go/week10/newsservice.go:285.10,285.52 1 0
github.com/gosmartwizard/gopherguides-intro-to-go/week10/newsservice.go:285.52,287.5 1 0
github.com/gosmartwizard/gopherguides-intro-to-go/week10/newsservice.go:290.46,291.17 1 0
github.com/gosmartwizard/gopherguides-intro-to-go/week10/newsservice.go:294.4,294.38 1 0
github.com/gosmartwizard/gopherguides-intro-to-go/week10/newsservice.go:291.17,293.5 1 0
github.com/gosmartwizard/gopherguides-intro-to-go/week10/newsservice.go:297.39,300.4 2 0
github.com/gosmartwizard/gopherguides-intro-to-go/week10/newsservice.go:304.43,310.59 4 0
github.com/gosmartwizard/gopherguides-intro-to-go/week10/newsservice.go:314.2,317.67 3 0
github.com/gosmartwizard/gopherguides-intro-to-go/week10/newsservice.go:323.2,328.15 6 0
github.com/gosmartwizard/gopherguides-intro-to-go/week10/newsservice.go:310.59,312.3 1 0
github.com/gosmartwizard/gopherguides-intro-to-go/week10/newsservice.go:317.67,318.40 1 0
github.com/gosmartwizard/gopherguides-intro-to-go/week10/newsservice.go:318.40,320.4 1 0
github.com/gosmartwizard/gopherguides-intro-to-go/week10/newsservice.go:331.51,338.16 4 0
github.com/gosmartwizard/gopherguides-intro-to-go/week10/newsservice.go:342.2,342.68 1 0
github.com/gosmartwizard/gopherguides-intro-to-go/week10/newsservice.go:338.16,339.13 1 0
github.com/gosmartwizard/gopherguides-intro-to-go/week10/newsservice.go:346.53,350.16 2 0
github.com/gosmartwizard/gopherguides-intro-to-go/week10/newsservice.go:354.2,358.16 3 0
github.com/gosmartwizard/gopherguides-intro-to-go/week10/newsservice.go:362.2,362.35 1 0
github.com/gosmartwizard/gopherguides-intro-to-go/week10/newsservice.go:350.16,351.13 1 0
github.com/gosmartwizard/gopherguides-intro-to-go/week10/newsservice.go:358.16,359.13 1 0
github.com/gosmartwizard/gopherguides-intro-to-go/week10/newsservice.go:362.35,364.3 1 0
github.com/gosmartwizard/gopherguides-intro-to-go/week10/source.go:47.37,51.16 2 0
github.com/gosmartwizard/gopherguides-intro-to-go/week10/source.go:55.2,59.16 3 0
github.com/gosmartwizard/gopherguides-intro-to-go/week10/source.go:63.2,63.21 1 0
github.com/gosmartwizard/gopherguides-intro-to-go/week10/source.go:51.16,52.13 1 0
github.com/gosmartwizard/gopherguides-intro-to-go/week10/source.go:59.16,60.13 1 0
github.com/gosmartwizard/gopherguides-intro-to-go/week10/subscriber.go:21.45,26.2 3 3
github.com/gosmartwizard/gopherguides-intro-to-go/week10/subscriber.go:28.102,39.2 5 3
github.com/gosmartwizard/gopherguides-intro-to-go/week10/subscriber.go:41.67,43.2 1 3
github.com/gosmartwizard/gopherguides-intro-to-go/week10/subscriber.go:45.72,47.6 1 3
github.com/gosmartwizard/gopherguides-intro-to-go/week10/subscriber.go:47.6,48.10 1 6
github.com/gosmartwizard/gopherguides-intro-to-go/week10/subscriber.go:49.21,51.10 2 3
github.com/gosmartwizard/gopherguides-intro-to-go/week10/subscriber.go:52.28,53.11 1 3
github.com/gosmartwizard/gopherguides-intro-to-go/week10/subscriber.go:58.4,59.38 2 3
github.com/gosmartwizard/gopherguides-intro-to-go/week10/subscriber.go:68.4,68.18 1 3
github.com/gosmartwizard/gopherguides-intro-to-go/week10/subscriber.go:53.11,55.13 2 0
github.com/gosmartwizard/gopherguides-intro-to-go/week10/subscriber.go:59.38,60.37 1 3
github.com/gosmartwizard/gopherguides-intro-to-go/week10/subscriber.go:60.37,62.11 2 2
github.com/gosmartwizard/gopherguides-intro-to-go/week10/subscriber.go:63.11,64.14 1 1
github.com/gosmartwizard/gopherguides-intro-to-go/week10/subscriber.go:68.18,70.5 1 2
github.com/gosmartwizard/gopherguides-intro-to-go/week10/subscriber.go:70.10,72.5 1 1
github.com/gosmartwizard/gopherguides-intro-to-go/week10/subscriber.go:77.60,81.16 2 4
github.com/gosmartwizard/gopherguides-intro-to-go/week10/subscriber.go:85.2,89.16 3 3
github.com/gosmartwizard/gopherguides-intro-to-go/week10/subscriber.go:93.2,93.25 1 1
github.com/gosmartwizard/gopherguides-intro-to-go/week10/subscriber.go:81.16,83.3 1 1
github.com/gosmartwizard/gopherguides-intro-to-go/week10/subscriber.go:89.16,91.3 1 2
