mode: set
github.com/gosmartwizard/gopherguides-intro-to-go/week06/completed_product.go:10.44,11.46 1 1
github.com/gosmartwizard/gopherguides-intro-to-go/week06/completed_product.go:15.2,15.45 1 1
github.com/gosmartwizard/gopherguides-intro-to-go/week06/completed_product.go:19.2,19.12 1 0
github.com/gosmartwizard/gopherguides-intro-to-go/week06/completed_product.go:11.46,13.3 1 1
github.com/gosmartwizard/gopherguides-intro-to-go/week06/completed_product.go:15.45,17.3 1 1
github.com/gosmartwizard/gopherguides-intro-to-go/week06/employee.go:12.35,13.11 1 1
github.com/gosmartwizard/gopherguides-intro-to-go/week06/employee.go:17.2,17.30 1 1
github.com/gosmartwizard/gopherguides-intro-to-go/week06/employee.go:13.11,15.3 1 1
github.com/gosmartwizard/gopherguides-intro-to-go/week06/employee.go:22.36,29.6 1 1
github.com/gosmartwizard/gopherguides-intro-to-go/week06/employee.go:29.6,32.10 1 1
github.com/gosmartwizard/gopherguides-intro-to-go/week06/employee.go:33.19,34.10 1 1
github.com/gosmartwizard/gopherguides-intro-to-go/week06/employee.go:35.28,38.11 1 1
github.com/gosmartwizard/gopherguides-intro-to-go/week06/employee.go:43.4,45.18 2 1
github.com/gosmartwizard/gopherguides-intro-to-go/week06/employee.go:52.4,52.20 1 1
github.com/gosmartwizard/gopherguides-intro-to-go/week06/employee.go:38.11,39.13 1 0
github.com/gosmartwizard/gopherguides-intro-to-go/week06/employee.go:45.18,48.13 2 0
github.com/gosmartwizard/gopherguides-intro-to-go/week06/errors.go:8.44,10.2 1 1
github.com/gosmartwizard/gopherguides-intro-to-go/week06/errors.go:17.44,19.2 1 1
github.com/gosmartwizard/gopherguides-intro-to-go/week06/errors.go:26.44,28.2 1 1
github.com/gosmartwizard/gopherguides-intro-to-go/week06/errors.go:35.49,37.2 1 1
github.com/gosmartwizard/gopherguides-intro-to-go/week06/errors.go:43.41,45.2 1 0
github.com/gosmartwizard/gopherguides-intro-to-go/week06/manager.go:21.28,28.2 1 1
github.com/gosmartwizard/gopherguides-intro-to-go/week06/manager.go:34.42,36.16 1 1
github.com/gosmartwizard/gopherguides-intro-to-go/week06/manager.go:40.2,40.29 1 1
github.com/gosmartwizard/gopherguides-intro-to-go/week06/manager.go:46.2,46.12 1 1
github.com/gosmartwizard/gopherguides-intro-to-go/week06/manager.go:36.16,38.3 1 1
github.com/gosmartwizard/gopherguides-intro-to-go/week06/manager.go:40.29,44.3 2 1
github.com/gosmartwizard/gopherguides-intro-to-go/week06/manager.go:52.54,53.15 1 1
github.com/gosmartwizard/gopherguides-intro-to-go/week06/manager.go:58.2,58.29 1 1
github.com/gosmartwizard/gopherguides-intro-to-go/week06/manager.go:69.2,69.12 1 1
github.com/gosmartwizard/gopherguides-intro-to-go/week06/manager.go:53.15,55.3 1 0
github.com/gosmartwizard/gopherguides-intro-to-go/week06/manager.go:58.29,60.37 1 1
github.com/gosmartwizard/gopherguides-intro-to-go/week06/manager.go:66.3,66.16 1 1
github.com/gosmartwizard/gopherguides-intro-to-go/week06/manager.go:60.37,62.4 1 0
github.com/gosmartwizard/gopherguides-intro-to-go/week06/manager.go:77.58,79.36 1 1
github.com/gosmartwizard/gopherguides-intro-to-go/week06/manager.go:84.2,84.36 1 1
github.com/gosmartwizard/gopherguides-intro-to-go/week06/manager.go:88.2,98.12 3 1
github.com/gosmartwizard/gopherguides-intro-to-go/week06/manager.go:79.36,81.3 1 0
github.com/gosmartwizard/gopherguides-intro-to-go/week06/manager.go:84.36,86.3 1 0
github.com/gosmartwizard/gopherguides-intro-to-go/week06/manager.go:102.55,104.2 1 1
github.com/gosmartwizard/gopherguides-intro-to-go/week06/manager.go:109.55,111.2 1 1
github.com/gosmartwizard/gopherguides-intro-to-go/week06/manager.go:117.42,119.2 1 1
github.com/gosmartwizard/gopherguides-intro-to-go/week06/manager.go:123.40,125.2 1 1
github.com/gosmartwizard/gopherguides-intro-to-go/week06/manager.go:129.39,131.2 1 1
github.com/gosmartwizard/gopherguides-intro-to-go/week06/manager.go:134.26,135.15 1 1
github.com/gosmartwizard/gopherguides-intro-to-go/week06/manager.go:139.2,144.15 4 1
github.com/gosmartwizard/gopherguides-intro-to-go/week06/manager.go:135.15,137.3 1 0
github.com/gosmartwizard/gopherguides-intro-to-go/week06/product.go:19.37,21.2 1 1
github.com/gosmartwizard/gopherguides-intro-to-go/week06/product.go:27.43,30.36 1 1
github.com/gosmartwizard/gopherguides-intro-to-go/week06/product.go:34.2,34.36 1 1
github.com/gosmartwizard/gopherguides-intro-to-go/week06/product.go:39.2,44.12 3 1
github.com/gosmartwizard/gopherguides-intro-to-go/week06/product.go:30.36,32.3 1 1
github.com/gosmartwizard/gopherguides-intro-to-go/week06/product.go:34.36,36.3 1 1
github.com/gosmartwizard/gopherguides-intro-to-go/week06/product.go:49.34,50.21 1 1
github.com/gosmartwizard/gopherguides-intro-to-go/week06/product.go:54.2,54.12 1 1
github.com/gosmartwizard/gopherguides-intro-to-go/week06/product.go:50.21,52.3 1 1
github.com/gosmartwizard/gopherguides-intro-to-go/week06/product.go:59.34,60.36 1 1
github.com/gosmartwizard/gopherguides-intro-to-go/week06/product.go:64.2,64.20 1 1
github.com/gosmartwizard/gopherguides-intro-to-go/week06/product.go:68.2,68.12 1 1
github.com/gosmartwizard/gopherguides-intro-to-go/week06/product.go:60.36,62.3 1 1
github.com/gosmartwizard/gopherguides-intro-to-go/week06/product.go:64.20,66.3 1 1
